<?xml version="1.0" encoding="UTF-8"?>
<!-- Generated by org.testng.reporters.JUnitReportReporter -->
<testsuite hostname="manuelfvalless" name="cartera.TC_Cartera_Recaudacion_ExportarExcel" tests="1" failures="0" timestamp="12 Nov 2018 20:03:57 GMT" time="88.862" errors="0">
  <testcase name="testTCCarteraRecaudacionExportarExcel" time="88.862" classname="cartera.TC_Cartera_Recaudacion_ExportarExcel"/>
</testsuite> <!-- cartera.TC_Cartera_Recaudacion_ExportarExcel -->
